<?xml version="1.0" encoding="UTF-8"?>
<!-- Generated by org.testng.reporters.JUnitReportReporter -->
<testsuite hostname="tsssinfotech-LIFEBOOK-AH532" name="com.dealwallet.webdriver.selenium.GmailLogin" tests="1" failures="1" timestamp="18 Mar 2013 16:47:49 GMT" time="107.782" errors="0">
  <testcase name="gmailloginmethod" time="107.782" classname="com.dealwallet.webdriver.selenium.GmailLogin">
    <failure type="org.openqa.selenium.NoSuchElementException" message="Unable to locate element: {&quot;method&quot;:&quot;id&quot;,&quot;selector&quot;:&quot;gbgs4dn&quot;}
Command duration or timeout: 30 milliseconds
For documentation on this error, please visit: http://seleniumhq.org/exceptions/no_such_element.html
Build info: version: &#039;2.31.0&#039;, revision: &#039;1bd294d&#039;, time: &#039;2013-02-27 20:52:59&#039;
System info: os.name: &#039;Linux&#039;, os.arch: &#039;amd64&#039;, os.version: &#039;3.5.0-17-generic&#039;, java.version: &#039;1.7.0_17&#039;
Session ID: 8f2b6a2e-2518-4513-b747-e9f94544bf33
Driver info: org.openqa.selenium.firefox.FirefoxDriver
Capabilities [{platform=LINUX, databaseEnabled=true, cssSelectorsEnabled=true, javascriptEnabled=true, acceptSslCerts=true, handlesAlerts=true, browserName=firefox, browserConnectionEnabled=true, nativeEvents=false, webStorageEnabled=true, rotatable=false, locationContextEnabled=true, applicationCacheEnabled=true, takesScreenshot=true, version=19.0.2}]">
      <![CDATA[org.openqa.selenium.NoSuchElementException: Unable to locate element: {"method":"id","selector":"gbgs4dn"}
Command duration or timeout: 30 milliseconds
For documentation on this error, please visit: http://seleniumhq.org/exceptions/no_such_element.html
Build info: version: '2.31.0', revision: '1bd294d', time: '2013-02-27 20:52:59'
System info: os.name: 'Linux', os.arch: 'amd64', os.version: '3.5.0-17-generic', java.version: '1.7.0_17'
Session ID: 8f2b6a2e-2518-4513-b747-e9f94544bf33
Driver info: org.openqa.selenium.firefox.FirefoxDriver
Capabilities [{platform=LINUX, databaseEnabled=true, cssSelectorsEnabled=true, javascriptEnabled=true, acceptSslCerts=true, handlesAlerts=true, browserName=firefox, browserConnectionEnabled=true, nativeEvents=false, webStorageEnabled=true, rotatable=false, locationContextEnabled=true, applicationCacheEnabled=true, takesScreenshot=true, version=19.0.2}]
	at sun.reflect.NativeConstructorAccessorImpl.newInstance0(Native Method)
	at sun.reflect.NativeConstructorAccessorImpl.newInstance(Unknown Source)
	at sun.reflect.DelegatingConstructorAccessorImpl.newInstance(Unknown Source)
	at java.lang.reflect.Constructor.newInstance(Unknown Source)
	at org.openqa.selenium.remote.ErrorHandler.createThrowable(ErrorHandler.java:187)
	at org.openqa.selenium.remote.ErrorHandler.throwIfResponseFailed(ErrorHandler.java:145)
	at org.openqa.selenium.remote.RemoteWebDriver.execute(RemoteWebDriver.java:554)
	at org.openqa.selenium.remote.RemoteWebDriver.findElement(RemoteWebDriver.java:307)
	at org.openqa.selenium.remote.RemoteWebDriver.findElementById(RemoteWebDriver.java:348)
	at org.openqa.selenium.By$ById.findElement(By.java:216)
	at org.openqa.selenium.remote.RemoteWebDriver.findElement(RemoteWebDriver.java:299)
	at com.dealwallet.webdriver.selenium.GmailLogin.gmailloginmethod(GmailLogin.java:35)
	at sun.reflect.NativeMethodAccessorImpl.invoke0(Native Method)
	at sun.reflect.NativeMethodAccessorImpl.invoke(Unknown Source)
	at sun.reflect.DelegatingMethodAccessorImpl.invoke(Unknown Source)
	at java.lang.reflect.Method.invoke(Unknown Source)
	at org.testng.internal.MethodInvocationHelper.invokeMethod(MethodInvocationHelper.java:80)
	at org.testng.internal.Invoker.invokeMethod(Invoker.java:714)
	at org.testng.internal.Invoker.invokeTestMethod(Invoker.java:901)
	at org.testng.internal.Invoker.invokeTestMethods(Invoker.java:1231)
	at org.testng.internal.TestMethodWorker.invokeTestMethods(TestMethodWorker.java:128)
	at org.testng.internal.TestMethodWorker.run(TestMethodWorker.java:111)
	at org.testng.TestRunner.privateRun(TestRunner.java:767)
	at org.testng.TestRunner.run(TestRunner.java:617)
	at org.testng.SuiteRunner.runTest(SuiteRunner.java:334)
	at org.testng.SuiteRunner.runSequentially(SuiteRunner.java:329)
	at org.testng.SuiteRunner.privateRun(SuiteRunner.java:291)
	at org.testng.SuiteRunner.run(SuiteRunner.java:240)
	at org.testng.SuiteRunnerWorker.runSuite(SuiteRunnerWorker.java:52)
	at org.testng.SuiteRunnerWorker.run(SuiteRunnerWorker.java:86)
	at org.testng.TestNG.runSuitesSequentially(TestNG.java:1203)
	at org.testng.TestNG.runSuitesLocally(TestNG.java:1128)
	at org.testng.TestNG.run(TestNG.java:1036)
	at org.testng.remote.RemoteTestNG.run(RemoteTestNG.java:111)
	at org.testng.remote.RemoteTestNG.initAndRun(RemoteTestNG.java:204)
	at org.testng.remote.RemoteTestNG.main(RemoteTestNG.java:175)
Caused by: org.openqa.selenium.remote.ErrorHandler$UnknownServerException: Unable to locate element: {"method":"id","selector":"gbgs4dn"}
Build info: version: '2.31.0', revision: '1bd294d', time: '2013-02-27 20:52:59'
System info: os.name: 'Linux', os.arch: 'amd64', os.version: '3.5.0-17-generic', java.version: '1.7.0_17'
Driver info: driver.version: unknown
	at <anonymous class>.FirefoxDriver.prototype.findElementInternal_(file:///tmp/anonymous7898546306278631502webdriver-profile/extensions/fxdriver@googlecode.com/components/driver_component.js:8281)
	at <anonymous class>.FirefoxDriver.prototype.findElement(file:///tmp/anonymous7898546306278631502webdriver-profile/extensions/fxdriver@googlecode.com/components/driver_component.js:8290)
	at <anonymous class>.DelayedCommand.prototype.executeInternal_/h(file:///tmp/anonymous7898546306278631502webdriver-profile/extensions/fxdriver@googlecode.com/components/command_processor.js:10272)
	at <anonymous class>.DelayedCommand.prototype.executeInternal_(file:///tmp/anonymous7898546306278631502webdriver-profile/extensions/fxdriver@googlecode.com/components/command_processor.js:10277)
	at <anonymous class>.DelayedCommand.prototype.execute/<(file:///tmp/anonymous7898546306278631502webdriver-profile/extensions/fxdriver@googlecode.com/components/command_processor.js:10217)
]]>
    </failure>
  </testcase> <!-- gmailloginmethod -->
</testsuite> <!-- com.dealwallet.webdriver.selenium.GmailLogin -->
